<?xml version="1.0" encoding="UTF-8"?>
<!-- Generated by org.testng.reporters.JUnitReportReporter -->
<testsuite hostname="LAPTOP-UPPC2RQM" failures="0" tests="1" name="com.orangehrm_runner.Run1" time="20.742" errors="0" timestamp="2024-01-05T13:52:51 IST" skipped="0">
  <testcase classname="com.orangehrm_runner.Run1" name="login" time="20.742"/>
  <system-out/>
</testsuite> <!-- com.orangehrm_runner.Run1 -->
